<?xml version="1.0" encoding="UTF-8"?>
<testsuite xmlns:xsi="http://www.w3.org/2001/XMLSchema-instance" xsi:noNamespaceSchemaLocation="https://maven.apache.org/surefire/maven-surefire-plugin/xsd/surefire-test-report-3.0.xsd" version="3.0" name="JsonSchemeTest" time="0.498" tests="2" errors="0" skipped="0" failures="0">
  <properties>
[...]
</properties>
  <testcase name="method" classname="JsonSchemeTest" time="0.002"/>
  <testcase name="method2" classname="JsonSchemeTest" time="0.472">
    <system-out><![CDATA[{
  "$schema" : "https://json-schema.org/draft/2020-12/schema",
  "type" : "object",
  "properties" : {
    "gender" : {
      "type" : "object",
      "properties" : {
        "id" : {
          "type" : "integer",
          "format" : "int64",
          "title" : "id"
        },
        "label" : {
          "type" : "string",
          "title" : "label"
        },
        "parentId" : {
          "type" : "integer",
          "format" : "int64",
          "title" : "parentId"
        }
      },
      "title" : "gender",
      "additionalProperties" : {
        "visibility" : false,
        "endpoint" : "deneme",
        "conditionalVisibilty" : null,
        "offset" : 0,
        "dataSource" : "L.Gender",
        "pageSize" : 0,
        "searchTerm" : ""
      }
    },
    "femaleQuestions" : {
      "type" : "string",
      "title" : "femaleQuestions"
    }
  },
  "description" : "main schema description"
}
fgfd
]]></system-out>
    <system-err><![CDATA[SLF4J: No SLF4J providers were found.
SLF4J: Defaulting to no-operation (NOP) logger implementation
SLF4J: See https://www.slf4j.org/codes.html#noProviders for further details.
]]></system-err>
  </testcase>
</testsuite>